# JRE version: OpenJDK Runtime Environment (11.0.9.1) (build 11.0.9.1-internal+0-adhoc..src)
# Java VM: OpenJDK 64-Bit Server VM (11.0.9.1-internal+0-adhoc..src, mixed mode, tiered, compressed oops, serial gc, linux-amd64)
Heap:
 def new generation   total 153728K, used 88778K [0x000000060c000000, 0x00000006166c0000, 0x00000006b2aa0000)
  eden space 136704K,  64% used [0x000000060c000000, 0x00000006116b2898, 0x0000000614580000)
  from space 17024K,   0% used [0x0000000614580000, 0x0000000614580000, 0x0000000615620000)
  to   space 17024K,   0% used [0x0000000615620000, 0x0000000615620000, 0x00000006166c0000)
 tenured generation   total 341376K, used 32680K [0x00000006b2aa0000, 0x00000006c7800000, 0x0000000800000000)
   the space 341376K,   9% used [0x00000006b2aa0000, 0x00000006b4a8a0d0, 0x00000006b4a8a200, 0x00000006c7800000)
 Metaspace       used 37397K, capacity 39399K, committed 39552K, reserved 1083392K
  class space    used 4710K, capacity 5484K, committed 5504K, reserved 1048576K
GC Heap History (8 events):
Event: 2.896 GC heap before
{Heap before GC invocations=0 (full 0):
 def new generation   total 153600K, used 105410K [0x000000060c000000, 0x00000006166a0000, 0x00000006b2aa0000)
  eden space 136576K,  77% used [0x000000060c000000, 0x00000006126f0be8, 0x0000000614560000)
  from space 17024K,   0% used [0x0000000614560000, 0x0000000614560000, 0x0000000615600000)
  to   space 17024K,   0% used [0x0000000615600000, 0x0000000615600000, 0x00000006166a0000)
 tenured generation   total 341376K, used 0K [0x00000006b2aa0000, 0x00000006c7800000, 0x0000000800000000)
   the space 341376K,   0% used [0x00000006b2aa0000, 0x00000006b2aa0000, 0x00000006b2aa0200, 0x00000006c7800000)
 Metaspace       used 20812K, capacity 21185K, committed 21248K, reserved 1069056K
  class space    used 2128K, capacity 2269K, committed 2304K, reserved 1048576K
}
Event: 2.951 GC heap after
{Heap after GC invocations=1 (full 1):
 def new generation   total 153728K, used 0K [0x000000060c000000, 0x00000006166c0000, 0x00000006b2aa0000)
  eden space 136704K,   0% used [0x000000060c000000, 0x000000060c000000, 0x0000000614580000)
  from space 17024K,   0% used [0x0000000614580000, 0x0000000614580000, 0x0000000615620000)
  to   space 17024K,   0% used [0x0000000615620000, 0x0000000615620000, 0x00000006166c0000)
 tenured generation   total 341376K, used 15102K [0x00000006b2aa0000, 0x00000006c7800000, 0x0000000800000000)
   the space 341376K,   4% used [0x00000006b2aa0000, 0x00000006b395fbd0, 0x00000006b395fc00, 0x00000006c7800000)
 Metaspace       used 20812K, capacity 21185K, committed 21248K, reserved 1069056K
  class space    used 2128K, capacity 2269K, committed 2304K, reserved 1048576K
}
Event: 3.725 GC heap before
{Heap before GC invocations=1 (full 1):
 def new generation   total 153728K, used 136704K [0x000000060c000000, 0x00000006166c0000, 0x00000006b2aa0000)
  eden space 136704K, 100% used [0x000000060c000000, 0x0000000614580000, 0x0000000614580000)
  from space 17024K,   0% used [0x0000000614580000, 0x0000000614580000, 0x0000000615620000)
  to   space 17024K,   0% used [0x0000000615620000, 0x0000000615620000, 0x00000006166c0000)
 tenured generation   total 341376K, used 15102K [0x00000006b2aa0000, 0x00000006c7800000, 0x0000000800000000)
   the space 341376K,   4% used [0x00000006b2aa0000, 0x00000006b395fbd0, 0x00000006b395fc00, 0x00000006c7800000)
 Metaspace       used 27617K, capacity 28316K, committed 28672K, reserved 1075200K
  class space    used 3173K, capacity 3458K, committed 3584K, reserved 1048576K
}
Event: 3.748 GC heap after
{Heap after GC invocations=2 (full 1):
 def new generation   total 153728K, used 8717K [0x000000060c000000, 0x00000006166c0000, 0x00000006b2aa0000)
  eden space 136704K,   0% used [0x000000060c000000, 0x000000060c000000, 0x0000000614580000)
  from space 17024K,  51% used [0x0000000615620000, 0x0000000615ea3440, 0x00000006166c0000)
  to   space 17024K,   0% used [0x0000000614580000, 0x0000000614580000, 0x0000000615620000)
 tenured generation   total 341376K, used 15102K [0x00000006b2aa0000, 0x00000006c7800000, 0x0000000800000000)
   the space 341376K,   4% used [0x00000006b2aa0000, 0x00000006b395fbd0, 0x00000006b395fc00, 0x00000006c7800000)
 Metaspace       used 27617K, capacity 28316K, committed 28672K, reserved 1075200K
  class space    used 3173K, capacity 3458K, committed 3584K, reserved 1048576K
}
Event: 4.433 GC heap before
{Heap before GC invocations=2 (full 1):
 def new generation   total 153728K, used 145421K [0x000000060c000000, 0x00000006166c0000, 0x00000006b2aa0000)
  eden space 136704K, 100% used [0x000000060c000000, 0x0000000614580000, 0x0000000614580000)
  from space 17024K,  51% used [0x0000000615620000, 0x0000000615ea3440, 0x00000006166c0000)
  to   space 17024K,   0% used [0x0000000614580000, 0x0000000614580000, 0x0000000615620000)
 tenured generation   total 341376K, used 15102K [0x00000006b2aa0000, 0x00000006c7800000, 0x0000000800000000)
   the space 341376K,   4% used [0x00000006b2aa0000, 0x00000006b395fbd0, 0x00000006b395fc00, 0x00000006c7800000)
 Metaspace       used 33323K, capacity 34424K, committed 34560K, reserved 1079296K
  class space    used 3907K, capacity 4327K, committed 4352K, reserved 1048576K
}
Event: 4.465 GC heap after
{Heap after GC invocations=3 (full 1):
 def new generation   total 153728K, used 6947K [0x000000060c000000, 0x00000006166c0000, 0x00000006b2aa0000)
  eden space 136704K,   0% used [0x000000060c000000, 0x000000060c000000, 0x0000000614580000)
  from space 17024K,  40% used [0x0000000614580000, 0x0000000614c48c70, 0x0000000615620000)
  to   space 17024K,   0% used [0x0000000615620000, 0x0000000615620000, 0x00000006166c0000)
 tenured generation   total 341376K, used 23746K [0x00000006b2aa0000, 0x00000006c7800000, 0x0000000800000000)
   the space 341376K,   6% used [0x00000006b2aa0000, 0x00000006b41d08b8, 0x00000006b41d0a00, 0x00000006c7800000)
 Metaspace       used 33323K, capacity 34424K, committed 34560K, reserved 1079296K
  class space    used 3907K, capacity 4327K, committed 4352K, reserved 1048576K
}
Event: 4.539 GC heap before
{Heap before GC invocations=3 (full 1):
 def new generation   total 153728K, used 30886K [0x000000060c000000, 0x00000006166c0000, 0x00000006b2aa0000)
  eden space 136704K,  17% used [0x000000060c000000, 0x000000060d760bf0, 0x0000000614580000)
  from space 17024K,  40% used [0x0000000614580000, 0x0000000614c48c70, 0x0000000615620000)
  to   space 17024K,   0% used [0x0000000615620000, 0x0000000615620000, 0x00000006166c0000)
 tenured generation   total 341376K, used 23746K [0x00000006b2aa0000, 0x00000006c7800000, 0x0000000800000000)
   the space 341376K,   6% used [0x00000006b2aa0000, 0x00000006b41d08b8, 0x00000006b41d0a00, 0x00000006c7800000)
 Metaspace       used 33911K, capacity 35162K, committed 35328K, reserved 1079296K
  class space    used 4014K, capacity 4509K, committed 4608K, reserved 1048576K
}
Event: 4.613 GC heap after
{Heap after GC invocations=4 (full 2):
 def new generation   total 153728K, used 0K [0x000000060c000000, 0x00000006166c0000, 0x00000006b2aa0000)
  eden space 136704K,   0% used [0x000000060c000000, 0x000000060c000000, 0x0000000614580000)
  from space 17024K,   0% used [0x0000000614580000, 0x0000000614580000, 0x0000000615620000)
  to   space 17024K,   0% used [0x0000000615620000, 0x0000000615620000, 0x00000006166c0000)
 tenured generation   total 341376K, used 32680K [0x00000006b2aa0000, 0x00000006c7800000, 0x0000000800000000)
   the space 341376K,   9% used [0x00000006b2aa0000, 0x00000006b4a8a0d0, 0x00000006b4a8a200, 0x00000006c7800000)
 Metaspace       used 33911K, capacity 35162K, committed 35328K, reserved 1079296K
  class space    used 4014K, capacity 4509K, committed 4608K, reserved 1048576K
}

